app/build/outputs/logs/manifest-merger-debug-report.txt
-- Merging decision tree log ---
manifest
ADDED from src\main\AndroidManifest.xml:2:1-117:12
	package
		ADDED from src\main\AndroidManifest.xml:3:5-33
		INJECTED from src\main\AndroidManifest.xml
		INJECTED from src\main\AndroidManifest.xml
	android:versionName
		INJECTED from src\main\AndroidManifest.xml
		INJECTED from src\main\AndroidManifest.xml
	xmlns:android
		ADDED from src\main\AndroidManifest.xml:2:11-69
	android:versionCode
		INJECTED from src\main\AndroidManifest.xml
		INJECTED from src\main\AndroidManifest.xml
uses-permission#android.permission.ACCESS_WIFI_STATE
ADDED from src\main\AndroidManifest.xml:5:5-76
	android:name
		ADDED from src\main\AndroidManifest.xml:5:22-73
uses-permission#android.permission.READ_LOGS
ADDED from src\main\AndroidManifest.xml:6:5-68
	android:name
		ADDED from src\main\AndroidManifest.xml:6:22-65
uses-permission#android.permission.RECORD_AUDIO
ADDED from src\main\AndroidManifest.xml:7:5-71
	android:name
		ADDED from src\main\AndroidManifest.xml:7:22-68
uses-permission#android.permission.MODIFY_AUDIO_SETTINGS
ADDED from src\main\AndroidManifest.xml:8:5-80
	android:name
		ADDED from src\main\AndroidManifest.xml:8:22-77
uses-permission#android.permission.INTERNET
ADDED from src\main\AndroidManifest.xml:9:5-67
	android:name
		ADDED from src\main\AndroidManifest.xml:9:22-64
uses-permission#android.permission.ACCESS_NETWORK_STATE
ADDED from src\main\AndroidManifest.xml:10:5-79
	android:name
		ADDED from src\main\AndroidManifest.xml:10:22-76
uses-permission#android.permission.READ_PHONE_STATE
ADDED from src\main\AndroidManifest.xml:11:5-75
	android:name
		ADDED from src\main\AndroidManifest.xml:11:22-72
uses-permission#android.permission.PROCESS_OUTGOING_CALLS
ADDED from src\main\AndroidManifest.xml:12:5-81
	android:name
		ADDED from src\main\AndroidManifest.xml:12:22-78
uses-permission#android.permission.BLUETOOTH
ADDED from src\main\AndroidManifest.xml:13:5-68
	android:name
		ADDED from src\main\AndroidManifest.xml:13:22-65
uses-permission#android.permission.WRITE_EXTERNAL_STORAGE
ADDED from src\main\AndroidManifest.xml:14:5-81
	android:name
		ADDED from src\main\AndroidManifest.xml:14:22-78
uses-permission#android.permission.MOUNT_UNMOUNT_FILESYSTEMS
ADDED from src\main\AndroidManifest.xml:15:5-84
	android:name
		ADDED from src\main\AndroidManifest.xml:15:22-81
uses-permission#android.permission.CAMERA
ADDED from src\main\AndroidManifest.xml:16:5-65
	android:name
		ADDED from src\main\AndroidManifest.xml:16:22-62
uses-permission#android.permission.WAKE_LOCK
ADDED from src\main\AndroidManifest.xml:17:5-68
	android:name
		ADDED from src\main\AndroidManifest.xml:17:22-65
uses-feature#0x00020000
ADDED from src\main\AndroidManifest.xml:19:5-21:35
	android:glEsVersion
		ADDED from src\main\AndroidManifest.xml:20:9-41
	android:required
		ADDED from src\main\AndroidManifest.xml:21:9-32
uses-feature#android.hardware.camera
ADDED from src\main\AndroidManifest.xml:23:5-60
	android:name
		ADDED from src\main\AndroidManifest.xml:23:19-57
uses-feature#android.hardware.camera.autofocus
ADDED from src\main\AndroidManifest.xml:24:5-70
	android:name
		ADDED from src\main\AndroidManifest.xml:24:19-67
application
ADDED from src\main\AndroidManifest.xml:26:5-115:19
MERGED from [com.android.support:design:25.0.0] AndroidManifest.xml:25:5-20
MERGED from [com.android.support:appcompat-v7:25.0.0] AndroidManifest.xml:25:5-20
MERGED from [com.android.support:animated-vector-drawable:25.0.0] AndroidManifest.xml:22:5-20
MERGED from [com.android.support:support-vector-drawable:25.0.0] AndroidManifest.xml:23:5-20
MERGED from [com.android.support:transition:25.0.0] AndroidManifest.xml:22:5-20
MERGED from [com.android.support:cardview-v7:25.0.0] AndroidManifest.xml:22:5-20
MERGED from [com.google.android.gms:play-services-appindexing:8.4.0] AndroidManifest.xml:19:5-20
MERGED from [com.google.android.gms:play-services-basement:8.4.0] AndroidManifest.xml:20:5-24:19
MERGED from [com.android.support:support-v4:25.0.0] AndroidManifest.xml:25:5-20
MERGED from [com.android.support:support-fragment:25.0.0] AndroidManifest.xml:25:5-20
MERGED from [com.android.support:support-media-compat:25.0.0] AndroidManifest.xml:25:5-20
MERGED from [com.android.support:support-core-ui:25.0.0] AndroidManifest.xml:25:5-20
MERGED from [com.android.support:support-core-utils:25.0.0] AndroidManifest.xml:25:5-20
MERGED from [com.android.support:support-compat:25.0.0] AndroidManifest.xml:25:5-20
MERGED from [:AiyaEffectsSDK-v3.3.0:] AndroidManifest.xml:11:5-12:19
MERGED from [com.android.support.test.espresso:espresso-idling-resource:2.2.2] AndroidManifest.xml:24:5-20
	android:label
		ADDED from src\main\AndroidManifest.xml:30:9-41
	android:supportsRtl
		ADDED from src\main\AndroidManifest.xml:31:9-35
	android:allowBackup
		ADDED from src\main\AndroidManifest.xml:28:9-35
	android:icon
		ADDED from src\main\AndroidManifest.xml:29:9-43
	android:theme
		ADDED from src\main\AndroidManifest.xml:32:9-40
	android:name
		ADDED from src\main\AndroidManifest.xml:27:9-40
activity#com.zego.livedemo5.MainActivity
ADDED from src\main\AndroidManifest.xml:33:9-43:20
	android:label
		ADDED from src\main\AndroidManifest.xml:36:13-45
	android:windowSoftInputMode
		ADDED from src\main\AndroidManifest.xml:37:13-64
	android:configChanges
		ADDED from src\main\AndroidManifest.xml:35:13-59
	android:name
		ADDED from src\main\AndroidManifest.xml:34:13-41
intent-filter#android.intent.action.MAIN+android.intent.category.LAUNCHER
ADDED from src\main\AndroidManifest.xml:38:13-42:29
action#android.intent.action.MAIN
ADDED from src\main\AndroidManifest.xml:39:17-69
	android:name
		ADDED from src\main\AndroidManifest.xml:39:25-66
category#android.intent.category.LAUNCHER
ADDED from src\main\AndroidManifest.xml:41:17-77
	android:name
		ADDED from src\main\AndroidManifest.xml:41:27-74
activity#com.zego.livedemo5.ui.activities.singleanchor.SingleAnchorPlayActivity
ADDED from src\main\AndroidManifest.xml:44:9-47:57
	android:windowSoftInputMode
		ADDED from src\main\AndroidManifest.xml:47:13-54
	android:configChanges
		ADDED from src\main\AndroidManifest.xml:46:13-59
	android:name
		ADDED from src\main\AndroidManifest.xml:45:13-80
activity#com.zego.livedemo5.ui.activities.singleanchor.SingleAnchorPublishActivity
ADDED from src\main\AndroidManifest.xml:48:9-52:57
	android:screenOrientation
		ADDED from src\main\AndroidManifest.xml:51:13-49
	android:windowSoftInputMode
		ADDED from src\main\AndroidManifest.xml:52:13-54
	android:configChanges
		ADDED from src\main\AndroidManifest.xml:50:13-59
	android:name
		ADDED from src\main\AndroidManifest.xml:49:13-83
activity#com.zego.livedemo5.ui.activities.moreanchors.MoreAnchorsPublishActivity
ADDED from src\main\AndroidManifest.xml:53:9-57:57
	android:screenOrientation
		ADDED from src\main\AndroidManifest.xml:56:13-49
	android:windowSoftInputMode
		ADDED from src\main\AndroidManifest.xml:57:13-54
	android:configChanges
		ADDED from src\main\AndroidManifest.xml:55:13-59
	android:name
		ADDED from src\main\AndroidManifest.xml:54:13-81
activity#com.zego.livedemo5.ui.activities.moreanchors.MoreAnchorsPlayActivity
ADDED from src\main\AndroidManifest.xml:58:9-61:57
	android:windowSoftInputMode
		ADDED from src\main\AndroidManifest.xml:61:13-54
	android:configChanges
		ADDED from src\main\AndroidManifest.xml:60:13-59
	android:name
		ADDED from src\main\AndroidManifest.xml:59:13-78
activity#com.zego.livedemo5.ui.activities.mixstream.MixStreamPublishActivity
ADDED from src\main\AndroidManifest.xml:62:9-66:57
	android:screenOrientation
		ADDED from src\main\AndroidManifest.xml:65:13-49
	android:windowSoftInputMode
		ADDED from src\main\AndroidManifest.xml:66:13-54
	android:configChanges
		ADDED from src\main\AndroidManifest.xml:64:13-59
	android:name
		ADDED from src\main\AndroidManifest.xml:63:13-77
activity#com.zego.livedemo5.ui.activities.mixstream.MixStreamPlayActivity
ADDED from src\main\AndroidManifest.xml:67:9-70:57
	android:windowSoftInputMode
		ADDED from src\main\AndroidManifest.xml:70:13-54
	android:configChanges
		ADDED from src\main\AndroidManifest.xml:69:13-59
	android:name
		ADDED from src\main\AndroidManifest.xml:68:13-74
activity#com.zego.livedemo5.ui.activities.externalrender.ExternalRenderPlayActivity
ADDED from src\main\AndroidManifest.xml:71:9-74:57
	android:windowSoftInputMode
		ADDED from src\main\AndroidManifest.xml:74:13-54
	android:configChanges
		ADDED from src\main\AndroidManifest.xml:73:13-59
	android:name
		ADDED from src\main\AndroidManifest.xml:72:13-84
activity#com.zego.livedemo5.ui.activities.AboutZegoActivity
ADDED from src\main\AndroidManifest.xml:75:9-77:52
	android:screenOrientation
		ADDED from src\main\AndroidManifest.xml:77:13-49
	android:name
		ADDED from src\main\AndroidManifest.xml:76:13-60
activity#com.zego.livedemo5.ui.activities.LogListActivity
ADDED from src\main\AndroidManifest.xml:78:9-80:52
	android:screenOrientation
		ADDED from src\main\AndroidManifest.xml:80:13-49
	android:name
		ADDED from src\main\AndroidManifest.xml:79:13-58
activity#com.tencent.tauth.AuthActivity
ADDED from src\main\AndroidManifest.xml:81:9-93:20
	android:launchMode
		ADDED from src\main\AndroidManifest.xml:83:13-44
	android:noHistory
		ADDED from src\main\AndroidManifest.xml:84:13-37
	android:name
		ADDED from src\main\AndroidManifest.xml:82:13-58
intent-filter#android.intent.action.VIEW+android.intent.category.BROWSABLE+android.intent.category.DEFAULT
ADDED from src\main\AndroidManifest.xml:85:13-92:29
action#android.intent.action.VIEW
ADDED from src\main\AndroidManifest.xml:86:17-69
	android:name
		ADDED from src\main\AndroidManifest.xml:86:25-66
category#android.intent.category.DEFAULT
ADDED from src\main\AndroidManifest.xml:88:17-76
	android:name
		ADDED from src\main\AndroidManifest.xml:88:27-73
category#android.intent.category.BROWSABLE
ADDED from src\main\AndroidManifest.xml:89:17-78
	android:name
		ADDED from src\main\AndroidManifest.xml:89:27-75
data
ADDED from src\main\AndroidManifest.xml:91:17-60
	android:scheme
		ADDED from src\main\AndroidManifest.xml:91:23-57
activity#com.tencent.connect.common.AssistActivity
ADDED from src\main\AndroidManifest.xml:94:9-97:75
	android:configChanges
		ADDED from src\main\AndroidManifest.xml:96:13-74
	android:theme
		ADDED from src\main\AndroidManifest.xml:97:13-72
	android:name
		ADDED from src\main\AndroidManifest.xml:95:13-69
activity#com.zego.livedemo5.ui.activities.gamelive.GameLiveActivity
ADDED from src\main\AndroidManifest.xml:98:9-101:52
	android:screenOrientation
		ADDED from src\main\AndroidManifest.xml:101:13-49
	android:configChanges
		ADDED from src\main\AndroidManifest.xml:100:13-59
	android:name
		ADDED from src\main\AndroidManifest.xml:99:13-68
activity#com.zego.livedemo5.ui.activities.gamelive.GameLivingPlayActivity
ADDED from src\main\AndroidManifest.xml:102:9-104:62
	android:configChanges
		ADDED from src\main\AndroidManifest.xml:104:13-59
	android:name
		ADDED from src\main\AndroidManifest.xml:103:13-74
activity#com.zego.livedemo5.ui.activities.wolvesgame.WolvesGameHostActivity
ADDED from src\main\AndroidManifest.xml:105:9-109:57
	android:screenOrientation
		ADDED from src\main\AndroidManifest.xml:108:13-49
	android:windowSoftInputMode
		ADDED from src\main\AndroidManifest.xml:109:13-54
	android:configChanges
		ADDED from src\main\AndroidManifest.xml:107:13-59
	android:name
		ADDED from src\main\AndroidManifest.xml:106:13-76
activity#com.zego.livedemo5.ui.activities.wolvesgame.WolvesGameInTurnActivity
ADDED from src\main\AndroidManifest.xml:110:9-114:57
	android:screenOrientation
		ADDED from src\main\AndroidManifest.xml:113:13-49
	android:windowSoftInputMode
		ADDED from src\main\AndroidManifest.xml:114:13-54
	android:configChanges
		ADDED from src\main\AndroidManifest.xml:112:13-59
	android:name
		ADDED from src\main\AndroidManifest.xml:111:13-78
uses-sdk
INJECTED from src\main\AndroidManifest.xml reason: use-sdk injection requested
MERGED from [com.android.support:design:25.0.0] AndroidManifest.xml:21:5-23:62
MERGED from [com.android.support:appcompat-v7:25.0.0] AndroidManifest.xml:21:5-23:78
MERGED from [com.android.support:animated-vector-drawable:25.0.0] AndroidManifest.xml:20:5-44
MERGED from [com.android.support:support-vector-drawable:25.0.0] AndroidManifest.xml:21:5-43
MERGED from [com.android.support:recyclerview-v7:25.0.0] AndroidManifest.xml:20:5-43
MERGED from [com.android.support:transition:25.0.0] AndroidManifest.xml:20:5-44
MERGED from [com.android.support:cardview-v7:25.0.0] AndroidManifest.xml:20:5-43
MERGED from [com.google.android.gms:play-services-appindexing:8.4.0] AndroidManifest.xml:18:5-42
MERGED from [com.google.android.gms:play-services-base:8.4.0] AndroidManifest.xml:18:5-42
MERGED from [com.google.android.gms:play-services-basement:8.4.0] AndroidManifest.xml:18:5-42
MERGED from [com.android.support:support-v4:25.0.0] AndroidManifest.xml:21:5-23:54
MERGED from [com.android.support:support-fragment:25.0.0] AndroidManifest.xml:21:5-23:60
MERGED from [com.android.support:support-media-compat:25.0.0] AndroidManifest.xml:21:5-23:63
MERGED from [com.android.support:support-core-ui:25.0.0] AndroidManifest.xml:21:5-23:58
MERGED from [com.android.support:support-core-utils:25.0.0] AndroidManifest.xml:21:5-23:61
MERGED from [com.android.support:support-compat:25.0.0] AndroidManifest.xml:21:5-23:58
MERGED from [com.tencent.bugly:crashreport:2.2.2] AndroidManifest.xml:7:5-9:41
MERGED from [com.tencent.bugly:nativecrashreport:3.0] AndroidManifest.xml:7:5-9:41
MERGED from [:AiyaEffectsSDK-v3.3.0:] AndroidManifest.xml:7:5-9:41
MERGED from [com.android.support.test.espresso:espresso-idling-resource:2.2.2] AndroidManifest.xml:20:5-22:41
	tools:overrideLibrary
		ADDED from [com.android.support:design:25.0.0] AndroidManifest.xml:23:9-59
	android:targetSdkVersion
		INJECTED from src\main\AndroidManifest.xml
		INJECTED from src\main\AndroidManifest.xml
	android:minSdkVersion
		INJECTED from src\main\AndroidManifest.xml
		INJECTED from src\main\AndroidManifest.xml
meta-data#com.google.android.gms.version
ADDED from [com.google.android.gms:play-services-basement:8.4.0] AndroidManifest.xml:21:9-23:69
	android:value
		ADDED from [com.google.android.gms:play-services-basement:8.4.0] AndroidManifest.xml:23:13-66
	android:name
		ADDED from [com.google.android.gms:play-services-basement:8.4.0] AndroidManifest.xml:22:13-58